D:\WORKSPACE\TOOLS\COCOS2D-2.1RC0-X-2.1.2\EXTERNAL\CQWRAP\PROJ.WIN32\DEBUG.WIN32\CUSTEVENT.OBJ
D:\WORKSPACE\TOOLS\COCOS2D-2.1RC0-X-2.1.2\EXTERNAL\CQWRAP\PROJ.WIN32\DEBUG.WIN32\JS_BIND_WEBSOCKET.OBJ
D:\WORKSPACE\TOOLS\COCOS2D-2.1RC0-X-2.1.2\EXTERNAL\CQWRAP\PROJ.WIN32\DEBUG.WIN32\JSON_READER.OBJ
D:\WORKSPACE\TOOLS\COCOS2D-2.1RC0-X-2.1.2\EXTERNAL\CQWRAP\PROJ.WIN32\DEBUG.WIN32\JSON_VALUE.OBJ
D:\WORKSPACE\TOOLS\COCOS2D-2.1RC0-X-2.1.2\EXTERNAL\CQWRAP\PROJ.WIN32\DEBUG.WIN32\JSON_WRITER.OBJ
D:\WORKSPACE\TOOLS\COCOS2D-2.1RC0-X-2.1.2\EXTERNAL\CQWRAP\PROJ.WIN32\DEBUG.WIN32\JSONHELPER.OBJ
D:\WORKSPACE\TOOLS\COCOS2D-2.1RC0-X-2.1.2\EXTERNAL\CQWRAP\PROJ.WIN32\DEBUG.WIN32\WEBSOCKET.OBJ
D:\WORKSPACE\TOOLS\COCOS2D-2.1RC0-X-2.1.2\EXTERNAL\CQWRAP\PROJ.WIN32\DEBUG.WIN32\VC110.PDB
D:\WORKSPACE\TOOLS\COCOS2D-2.1RC0-X-2.1.2\EXTERNAL\CQWRAP\PROJ.WIN32\DEBUG.WIN32\BASE64-DECODE.OBJ
D:\WORKSPACE\TOOLS\COCOS2D-2.1RC0-X-2.1.2\EXTERNAL\CQWRAP\PROJ.WIN32\DEBUG.WIN32\CLIENT-HANDSHAKE.OBJ
D:\WORKSPACE\TOOLS\COCOS2D-2.1RC0-X-2.1.2\EXTERNAL\CQWRAP\PROJ.WIN32\DEBUG.WIN32\CLIENT-PARSER.OBJ
D:\WORKSPACE\TOOLS\COCOS2D-2.1RC0-X-2.1.2\EXTERNAL\CQWRAP\PROJ.WIN32\DEBUG.WIN32\CLIENT.OBJ
D:\WORKSPACE\TOOLS\COCOS2D-2.1RC0-X-2.1.2\EXTERNAL\CQWRAP\PROJ.WIN32\DEBUG.WIN32\EXTENSION-DEFLATE-FRAME.OBJ
D:\WORKSPACE\TOOLS\COCOS2D-2.1RC0-X-2.1.2\EXTERNAL\CQWRAP\PROJ.WIN32\DEBUG.WIN32\EXTENSION-DEFLATE-STREAM.OBJ
D:\WORKSPACE\TOOLS\COCOS2D-2.1RC0-X-2.1.2\EXTERNAL\CQWRAP\PROJ.WIN32\DEBUG.WIN32\EXTENSION.OBJ
D:\WORKSPACE\TOOLS\COCOS2D-2.1RC0-X-2.1.2\EXTERNAL\CQWRAP\PROJ.WIN32\DEBUG.WIN32\HANDSHAKE.OBJ
D:\WORKSPACE\TOOLS\COCOS2D-2.1RC0-X-2.1.2\EXTERNAL\CQWRAP\PROJ.WIN32\DEBUG.WIN32\LIBWEBSOCKETS.OBJ
D:\WORKSPACE\TOOLS\COCOS2D-2.1RC0-X-2.1.2\EXTERNAL\CQWRAP\PROJ.WIN32\DEBUG.WIN32\MD5.OBJ
D:\WORKSPACE\TOOLS\COCOS2D-2.1RC0-X-2.1.2\EXTERNAL\CQWRAP\PROJ.WIN32\DEBUG.WIN32\OUTPUT.OBJ
D:\WORKSPACE\TOOLS\COCOS2D-2.1RC0-X-2.1.2\EXTERNAL\CQWRAP\PROJ.WIN32\DEBUG.WIN32\PARSERS.OBJ
D:\WORKSPACE\TOOLS\COCOS2D-2.1RC0-X-2.1.2\EXTERNAL\CQWRAP\PROJ.WIN32\DEBUG.WIN32\SERVER-HANDSHAKE.OBJ
D:\WORKSPACE\TOOLS\COCOS2D-2.1RC0-X-2.1.2\EXTERNAL\CQWRAP\PROJ.WIN32\DEBUG.WIN32\SERVER.OBJ
D:\WORKSPACE\TOOLS\COCOS2D-2.1RC0-X-2.1.2\EXTERNAL\CQWRAP\PROJ.WIN32\DEBUG.WIN32\SHA-1.OBJ
D:\WORKSPACE\TOOLS\COCOS2D-2.1RC0-X-2.1.2\EXTERNAL\CQWRAP\PROJ.WIN32\DEBUG.WIN32\GETOPT.OBJ
D:\WORKSPACE\TOOLS\COCOS2D-2.1RC0-X-2.1.2\EXTERNAL\CQWRAP\PROJ.WIN32\DEBUG.WIN32\GETOPT_LONG.OBJ
D:\WORKSPACE\TOOLS\COCOS2D-2.1RC0-X-2.1.2\EXTERNAL\CQWRAP\PROJ.WIN32\DEBUG.WIN32\GETTIMEOFDAY.OBJ
D:\WORKSPACE\TOOLS\COCOS2D-2.1RC0-X-2.1.2\EXTERNAL\CQWRAP\PROJ.WIN32\DEBUG.WIN32\WEBSOCK-W32.OBJ
D:\WORKSPACE\TOOLS\COCOS2D-2.1RC0-X-2.1.2\EXTERNAL\CQWRAP\PROJ.WIN32\DEBUG.WIN32\CQWRAP_WEBSOCK_MANUAL.OBJ
D:\WORKSPACE\TOOLS\COCOS2D-2.1RC0-X-2.1.2\DEBUG.WIN32\LIBCQWRAP.LIB
D:\WORKSPACE\TOOLS\COCOS2D-2.1RC0-X-2.1.2\EXTERNAL\CQWRAP\PROJ.WIN32\DEBUG.WIN32\LIBWEIZOO.RES
D:\workspace\tools\cocos2d-2.1rc0-x-2.1.2\external\cqwrap\proj.win32\Debug.win32\base64-decode.obj
D:\workspace\tools\cocos2d-2.1rc0-x-2.1.2\external\cqwrap\proj.win32\Debug.win32\client-handshake.obj
D:\workspace\tools\cocos2d-2.1rc0-x-2.1.2\external\cqwrap\proj.win32\Debug.win32\client-parser.obj
D:\workspace\tools\cocos2d-2.1rc0-x-2.1.2\external\cqwrap\proj.win32\Debug.win32\client.obj
D:\workspace\tools\cocos2d-2.1rc0-x-2.1.2\external\cqwrap\proj.win32\Debug.win32\cqwrap_websock_manual.obj
D:\workspace\tools\cocos2d-2.1rc0-x-2.1.2\external\cqwrap\proj.win32\Debug.win32\CustEvent.obj
D:\workspace\tools\cocos2d-2.1rc0-x-2.1.2\external\cqwrap\proj.win32\Debug.win32\extension-deflate-frame.obj
D:\workspace\tools\cocos2d-2.1rc0-x-2.1.2\external\cqwrap\proj.win32\Debug.win32\extension-deflate-stream.obj
D:\workspace\tools\cocos2d-2.1rc0-x-2.1.2\external\cqwrap\proj.win32\Debug.win32\extension.obj
D:\workspace\tools\cocos2d-2.1rc0-x-2.1.2\external\cqwrap\proj.win32\Debug.win32\getopt.obj
D:\workspace\tools\cocos2d-2.1rc0-x-2.1.2\external\cqwrap\proj.win32\Debug.win32\getopt_long.obj
D:\workspace\tools\cocos2d-2.1rc0-x-2.1.2\external\cqwrap\proj.win32\Debug.win32\gettimeofday.obj
D:\workspace\tools\cocos2d-2.1rc0-x-2.1.2\external\cqwrap\proj.win32\Debug.win32\handshake.obj
D:\workspace\tools\cocos2d-2.1rc0-x-2.1.2\external\cqwrap\proj.win32\Debug.win32\JsonHelper.obj
D:\workspace\tools\cocos2d-2.1rc0-x-2.1.2\external\cqwrap\proj.win32\Debug.win32\json_reader.obj
D:\workspace\tools\cocos2d-2.1rc0-x-2.1.2\external\cqwrap\proj.win32\Debug.win32\json_value.obj
D:\workspace\tools\cocos2d-2.1rc0-x-2.1.2\external\cqwrap\proj.win32\Debug.win32\json_writer.obj
D:\workspace\tools\cocos2d-2.1rc0-x-2.1.2\external\cqwrap\proj.win32\Debug.win32\js_bind_websocket.obj
D:\workspace\tools\cocos2d-2.1rc0-x-2.1.2\external\cqwrap\proj.win32\Debug.win32\libwebsockets.obj
D:\workspace\tools\cocos2d-2.1rc0-x-2.1.2\external\cqwrap\proj.win32\Debug.win32\md5.obj
D:\workspace\tools\cocos2d-2.1rc0-x-2.1.2\external\cqwrap\proj.win32\Debug.win32\output.obj
D:\workspace\tools\cocos2d-2.1rc0-x-2.1.2\external\cqwrap\proj.win32\Debug.win32\parsers.obj
D:\workspace\tools\cocos2d-2.1rc0-x-2.1.2\external\cqwrap\proj.win32\Debug.win32\server-handshake.obj
D:\workspace\tools\cocos2d-2.1rc0-x-2.1.2\external\cqwrap\proj.win32\Debug.win32\server.obj
D:\workspace\tools\cocos2d-2.1rc0-x-2.1.2\external\cqwrap\proj.win32\Debug.win32\sha-1.obj
D:\workspace\tools\cocos2d-2.1rc0-x-2.1.2\external\cqwrap\proj.win32\Debug.win32\websock-w32.obj
D:\workspace\tools\cocos2d-2.1rc0-x-2.1.2\external\cqwrap\proj.win32\Debug.win32\WebSocket.obj
D:\workspace\tools\cocos2d-2.1rc0-x-2.1.2\external\cqwrap\proj.win32\Debug.win32\cl.command.1.tlog
D:\workspace\tools\cocos2d-2.1rc0-x-2.1.2\external\cqwrap\proj.win32\Debug.win32\CL.read.1.tlog
D:\workspace\tools\cocos2d-2.1rc0-x-2.1.2\external\cqwrap\proj.win32\Debug.win32\CL.write.1.tlog
D:\workspace\tools\cocos2d-2.1rc0-x-2.1.2\external\cqwrap\proj.win32\Debug.win32\Lib-link-cvtres.read.1.tlog
D:\workspace\tools\cocos2d-2.1rc0-x-2.1.2\external\cqwrap\proj.win32\Debug.win32\Lib-link-cvtres.write.1.tlog
D:\workspace\tools\cocos2d-2.1rc0-x-2.1.2\external\cqwrap\proj.win32\Debug.win32\Lib-link.read.1.tlog
D:\workspace\tools\cocos2d-2.1rc0-x-2.1.2\external\cqwrap\proj.win32\Debug.win32\Lib-link.write.1.tlog
D:\workspace\tools\cocos2d-2.1rc0-x-2.1.2\external\cqwrap\proj.win32\Debug.win32\lib.command.1.tlog
D:\workspace\tools\cocos2d-2.1rc0-x-2.1.2\external\cqwrap\proj.win32\Debug.win32\rc.command.1.tlog
D:\workspace\tools\cocos2d-2.1rc0-x-2.1.2\external\cqwrap\proj.win32\Debug.win32\rc.read.1.tlog
D:\workspace\tools\cocos2d-2.1rc0-x-2.1.2\external\cqwrap\proj.win32\Debug.win32\rc.write.1.tlog
D:\workspace\tools\cocos2d-2.1rc0-x-2.1.2\external\cqwrap\proj.win32\Debug.win32\libWeizoo.res
D:\workspace\tools\cocos2d-2.1rc0-x-2.1.2\external\cqwrap\proj.win32\Debug.win32\vc110.idb
D:\workspace\tools\cocos2d-2.1rc0-x-2.1.2\external\cqwrap\proj.win32\Debug.win32\vc110.pdb
D:\workspace\tools\cocos2d-2.1rc0-x-2.1.2\Debug.win32\libCqwrap.lib
