D:\WORKSPACE\TOOLS\COCOS2D-2.1RC0-X-2.1.2\EXTERNAL\WEIZOO\PROJ.WIN32\DEBUG.WIN32\JSON_READER.OBJ
D:\WORKSPACE\TOOLS\COCOS2D-2.1RC0-X-2.1.2\EXTERNAL\WEIZOO\PROJ.WIN32\DEBUG.WIN32\JSON_VALUE.OBJ
D:\WORKSPACE\TOOLS\COCOS2D-2.1RC0-X-2.1.2\EXTERNAL\WEIZOO\PROJ.WIN32\DEBUG.WIN32\JSON_WRITER.OBJ
D:\WORKSPACE\TOOLS\COCOS2D-2.1RC0-X-2.1.2\EXTERNAL\WEIZOO\PROJ.WIN32\DEBUG.WIN32\ANIMATIONHELPER.OBJ
D:\WORKSPACE\TOOLS\COCOS2D-2.1RC0-X-2.1.2\EXTERNAL\WEIZOO\PROJ.WIN32\DEBUG.WIN32\JSONHELPER.OBJ
D:\WORKSPACE\TOOLS\COCOS2D-2.1RC0-X-2.1.2\EXTERNAL\WEIZOO\PROJ.WIN32\DEBUG.WIN32\STORAGE.OBJ
D:\WORKSPACE\TOOLS\COCOS2D-2.1RC0-X-2.1.2\EXTERNAL\WEIZOO\PROJ.WIN32\DEBUG.WIN32\VISIBLERECT.OBJ
D:\WORKSPACE\TOOLS\COCOS2D-2.1RC0-X-2.1.2\EXTERNAL\WEIZOO\PROJ.WIN32\DEBUG.WIN32\VC110.PDB
D:\workspace\tools\cocos2d-2.1rc0-x-2.1.2\external\weizoo\proj.win32\Debug.win32\AnimationHelper.obj
D:\workspace\tools\cocos2d-2.1rc0-x-2.1.2\external\weizoo\proj.win32\Debug.win32\JsonHelper.obj
D:\workspace\tools\cocos2d-2.1rc0-x-2.1.2\external\weizoo\proj.win32\Debug.win32\json_reader.obj
D:\workspace\tools\cocos2d-2.1rc0-x-2.1.2\external\weizoo\proj.win32\Debug.win32\json_value.obj
D:\workspace\tools\cocos2d-2.1rc0-x-2.1.2\external\weizoo\proj.win32\Debug.win32\json_writer.obj
D:\workspace\tools\cocos2d-2.1rc0-x-2.1.2\external\weizoo\proj.win32\Debug.win32\Storage.obj
D:\workspace\tools\cocos2d-2.1rc0-x-2.1.2\external\weizoo\proj.win32\Debug.win32\VisibleRect.obj
D:\workspace\tools\cocos2d-2.1rc0-x-2.1.2\external\weizoo\proj.win32\Debug.win32\cl.command.1.tlog
D:\workspace\tools\cocos2d-2.1rc0-x-2.1.2\external\weizoo\proj.win32\Debug.win32\CL.read.1.tlog
D:\workspace\tools\cocos2d-2.1rc0-x-2.1.2\external\weizoo\proj.win32\Debug.win32\CL.write.1.tlog
D:\workspace\tools\cocos2d-2.1rc0-x-2.1.2\external\weizoo\proj.win32\Debug.win32\vc110.idb
D:\workspace\tools\cocos2d-2.1rc0-x-2.1.2\external\weizoo\proj.win32\Debug.win32\vc110.pdb
